13:04:13 [INFO] task info pushed: TaskId(2) => TaskId(3)
13:04:13 [INFO] task info pushed: TaskId(3) => TaskId(5)
13:04:13 [INFO] task info pushed: TaskId(1) => TaskId(1)
13:04:14 [INFO] new task: TaskId(4), try run it.
13:04:14 [INFO] task info pushed: TaskId(1) => TaskId(1)
13:04:14 [INFO] task info pushed: TaskId(2) => TaskId(3)
13:04:14 [INFO] task info pushed: TaskId(3) => TaskId(5)
13:04:14 [INFO] task info pushed: TaskId(4) => TaskId(7)
13:04:14 [INFO] task info pushed: TaskId(4) => TaskId(7)
13:04:14 [INFO] Task TaskId(4) is not completed. version = CheckPointVersion(1), progress: 0/1
13:04:14 [INFO] set_file_uploaded: task_id=TaskId(1), file_path="f-1"
13:04:15 [INFO] add_file: file_server_type=Http, file_server_name="http://192.168.100.136:8000", file_id=FileId(1), chunk_size=16777216
13:04:15 [INFO] add_file: file_server_type=Http, file_server_name="http://192.168.100.136:8000", file_id=FileId(1), chunk_size=16777216
13:04:15 [INFO] task successed: TaskId(1)
13:04:15 [INFO] task info pushed: TaskId(4) => TaskId(7)
13:04:15 [INFO] task info pushed: TaskId(2) => TaskId(3)
13:04:15 [INFO] task info pushed: TaskId(3) => TaskId(5)
13:04:16 [INFO] add_chunk: response=Object {"chunk_id": Number(1), "chunk_server_name": String("http://192.168.100.136:8000"), "chunk_server_type": String("Http")}
13:04:16 [INFO] add_chunk: response=Object {"chunk_id": Number(1), "chunk_server_name": String("http://192.168.100.136:8000"), "chunk_server_type": String("Http")}
13:04:16 [INFO] add_chunk: response=Object {"chunk_id": Number(1), "chunk_server_name": String("http://192.168.100.136:8000"), "chunk_server_type": String("Http")}
13:04:17 [INFO] set_file_uploaded: task_id=TaskId(3), file_path="f-1"
13:04:17 [INFO] set_file_uploaded: task_id=TaskId(1), file_path="f-1"
13:04:17 [INFO] set_file_uploaded: task_id=TaskId(3), file_path="f-1"
13:04:17 [INFO] task successed: TaskId(4)
13:04:17 [INFO] task successed: TaskId(4)
13:04:17 [INFO] task info pushed: TaskId(2) => TaskId(3)
13:04:18 [INFO] task info pushed: TaskId(3) => TaskId(5)
13:04:18 [INFO] task info pushed: TaskId(4) => TaskId(7)
13:04:18 [INFO] task info pushed: TaskId(2) => TaskId(3)
13:04:18 [INFO] task info pushed: TaskId(3) => TaskId(5)
13:04:18 [INFO] task info pushed: TaskId(4) => TaskId(7)
13:04:18 [INFO] set_file_uploaded: task_id=TaskId(5), file_path="f-1"
13:04:18 [INFO] task successed: TaskId(2)
13:04:18 [INFO] task successed: TaskId(1)
13:04:18 [INFO] task successed: TaskId(2)
13:04:18 [INFO] task info pushed: TaskId(4) => TaskId(7)
13:04:18 [INFO] task info pushed: TaskId(3) => TaskId(5)
13:04:18 [INFO] task info pushed: TaskId(4) => TaskId(7)
13:04:18 [INFO] task info pushed: TaskId(3) => TaskId(5)
13:04:18 [INFO] task info pushed: TaskId(4) => TaskId(7)
13:04:18 [INFO] task info pushed: TaskId(3) => TaskId(5)
13:04:19 [INFO] task successed: TaskId(3)
13:04:19 [INFO] task info pushed: TaskId(4) => TaskId(7)
13:04:19 [INFO] set_file_uploaded: task_id=TaskId(5), file_path="f-1"
13:04:19 [INFO] task successed: TaskId(3)
13:04:19 [INFO] task info pushed: TaskId(4) => TaskId(7)
13:04:20 [INFO] set_file_uploaded: task_id=TaskId(5), file_path="f-1"
13:04:20 [INFO] set_file_uploaded: task_id=TaskId(7), file_path="f-1"
13:04:21 [INFO] task successed: TaskId(3)
13:04:21 [INFO] task info pushed: TaskId(4) => TaskId(7)
13:04:22 [INFO] task successed: TaskId(4)
13:04:23 [INFO] set_file_uploaded: task_id=TaskId(3), file_path="f-1"
13:04:23 [INFO] set_file_uploaded: task_id=TaskId(7), file_path="f-1"
13:04:23 [INFO] task successed: TaskId(2)
13:04:24 [INFO] task successed: TaskId(4)
13:04:25 [INFO] set_file_uploaded: task_id=TaskId(5), file_path="f-1"
13:04:25 [INFO] task successed: TaskId(3)
13:04:26 [INFO] set_file_uploaded: task_id=TaskId(5), file_path="f-1"
13:04:26 [INFO] task successed: TaskId(3)
13:04:26 [INFO] set_file_uploaded: task_id=TaskId(7), file_path="f-1"
13:04:27 [INFO] task successed: TaskId(4)
13:04:27 [INFO] set_file_uploaded: task_id=TaskId(7), file_path="f-1"
13:04:27 [INFO] set_file_uploaded: task_id=TaskId(7), file_path="f-1"
13:04:28 [INFO] task successed: TaskId(4)
13:04:28 [INFO] task successed: TaskId(4)
13:04:29 [INFO] set_file_uploaded: task_id=TaskId(7), file_path="f-1"
13:04:29 [INFO] task successed: TaskId(4)
13:04:29 [INFO] set_file_uploaded: task_id=TaskId(7), file_path="f-1"
13:04:30 [INFO] task successed: TaskId(4)
13:04:30 [INFO] set_file_uploaded: task_id=TaskId(7), file_path="f-1"
13:04:30 [INFO] task successed: TaskId(4)
13:04:30 [INFO] set_file_uploaded: task_id=TaskId(7), file_path="f-1"
13:04:30 [INFO] task successed: TaskId(4)
13:04:47 [INFO] new task: TaskId(5), try run it.
13:04:47 [INFO] task info pushed: TaskId(5) => TaskId(9)
13:04:47 [INFO] task info pushed: TaskId(5) => TaskId(9)
13:04:47 [INFO] Task TaskId(5) is not completed. version = CheckPointVersion(2), progress: 0/2
13:04:47 [INFO] add_file: file_server_type=Http, file_server_name="http://192.168.100.136:8000", file_id=FileId(2), chunk_size=16777216
13:04:47 [INFO] add_file: file_server_type=Http, file_server_name="http://192.168.100.136:8000", file_id=FileId(2), chunk_size=16777216
13:04:48 [INFO] add_chunk: response=Object {"chunk_id": Number(2), "chunk_server_name": String("http://192.168.100.136:8000"), "chunk_server_type": String("Http")}
13:04:48 [INFO] add_chunk: response=Object {"chunk_id": Number(3), "chunk_server_name": String("http://192.168.100.136:8000"), "chunk_server_type": String("Http")}
13:04:48 [INFO] add_file: file_server_type=Http, file_server_name="http://192.168.100.136:8000", file_id=FileId(4), chunk_size=16777216
13:04:49 [INFO] add_chunk: response=Object {"chunk_id": Number(2), "chunk_server_name": String("http://192.168.100.136:8000"), "chunk_server_type": String("Http")}
13:04:49 [INFO] add_chunk: response=Object {"chunk_id": Number(5), "chunk_server_name": String("http://192.168.100.136:8000"), "chunk_server_type": String("Http")}
13:04:49 [INFO] add_chunk: response=Object {"chunk_id": Number(6), "chunk_server_name": String("http://192.168.100.136:8000"), "chunk_server_type": String("Http")}
13:04:49 [INFO] task successed: TaskId(5)
13:04:49 [INFO] task info pushed: TaskId(5) => TaskId(9)
13:04:50 [INFO] add_chunk: response=Object {"chunk_id": Number(5), "chunk_server_name": String("http://192.168.100.136:8000"), "chunk_server_type": String("Http")}
13:04:50 [INFO] task successed: TaskId(5)
13:04:50 [INFO] task info pushed: TaskId(5) => TaskId(9)
13:04:59 [INFO] set_file_uploaded: task_id=TaskId(9), file_path="f-1"
13:05:00 [INFO] set_file_uploaded: task_id=TaskId(9), file_path="f-2"
13:05:00 [INFO] task successed: TaskId(5)
13:05:00 [INFO] task info pushed: TaskId(5) => TaskId(9)
13:05:00 [INFO] task successed: TaskId(5)
13:05:00 [INFO] task info pushed: TaskId(5) => TaskId(9)
13:05:00 [INFO] task successed: TaskId(5)
13:05:00 [INFO] task info pushed: TaskId(5) => TaskId(9)
13:05:00 [INFO] task successed: TaskId(5)
13:05:00 [INFO] task info pushed: TaskId(5) => TaskId(9)
13:05:00 [INFO] task successed: TaskId(5)
13:05:00 [INFO] task info pushed: TaskId(5) => TaskId(9)
13:05:00 [INFO] task successed: TaskId(5)
13:05:00 [INFO] task info pushed: TaskId(5) => TaskId(9)
13:05:00 [INFO] set_file_uploaded: task_id=TaskId(9), file_path="f-2"
13:05:01 [INFO] task successed: TaskId(5)
13:05:01 [INFO] task info pushed: TaskId(5) => TaskId(9)
13:05:01 [INFO] task successed: TaskId(5)
13:05:01 [INFO] task info pushed: TaskId(5) => TaskId(9)
13:05:01 [INFO] task successed: TaskId(5)
13:05:01 [INFO] task info pushed: TaskId(5) => TaskId(9)
13:05:01 [INFO] task successed: TaskId(5)
13:05:01 [INFO] task info pushed: TaskId(5) => TaskId(9)
13:05:01 [INFO] task successed: TaskId(5)
13:05:01 [INFO] task info pushed: TaskId(5) => TaskId(9)
13:05:01 [INFO] task successed: TaskId(5)
13:05:01 [INFO] task info pushed: TaskId(5) => TaskId(9)
13:05:01 [INFO] task successed: TaskId(5)
13:05:01 [INFO] task info pushed: TaskId(5) => TaskId(9)
13:05:01 [INFO] task successed: TaskId(5)
13:05:01 [INFO] task info pushed: TaskId(5) => TaskId(9)
13:05:01 [INFO] task successed: TaskId(5)
13:05:01 [INFO] task info pushed: TaskId(5) => TaskId(9)
13:05:01 [INFO] task successed: TaskId(5)
13:05:01 [INFO] task info pushed: TaskId(5) => TaskId(9)
13:05:01 [INFO] task successed: TaskId(5)
13:05:01 [INFO] task info pushed: TaskId(5) => TaskId(9)
13:05:01 [INFO] task successed: TaskId(5)
13:05:01 [INFO] task info pushed: TaskId(5) => TaskId(9)
13:05:02 [INFO] task successed: TaskId(5)
13:05:02 [INFO] task info pushed: TaskId(5) => TaskId(9)
13:05:02 [INFO] task successed: TaskId(5)
13:05:02 [INFO] task info pushed: TaskId(5) => TaskId(9)
13:05:02 [INFO] task successed: TaskId(5)
13:05:02 [INFO] task info pushed: TaskId(5) => TaskId(9)
13:05:02 [INFO] task successed: TaskId(5)
13:05:02 [INFO] task successed: TaskId(5)
13:05:02 [INFO] task info pushed: TaskId(5) => TaskId(9)
13:05:02 [INFO] task info pushed: TaskId(5) => TaskId(9)
13:05:02 [INFO] task successed: TaskId(5)
13:05:02 [INFO] task info pushed: TaskId(5) => TaskId(9)
13:05:02 [INFO] task successed: TaskId(5)
13:05:02 [INFO] task info pushed: TaskId(5) => TaskId(9)
13:05:02 [INFO] task successed: TaskId(5)
13:05:02 [INFO] task info pushed: TaskId(5) => TaskId(9)
13:05:02 [INFO] task successed: TaskId(5)
13:05:02 [INFO] task info pushed: TaskId(5) => TaskId(9)
13:05:02 [INFO] task successed: TaskId(5)
13:05:02 [INFO] task info pushed: TaskId(5) => TaskId(9)
13:05:02 [INFO] task successed: TaskId(5)
13:05:02 [INFO] task info pushed: TaskId(5) => TaskId(9)
13:05:03 [INFO] task successed: TaskId(5)
13:05:03 [INFO] task info pushed: TaskId(5) => TaskId(9)
13:05:03 [INFO] task successed: TaskId(5)
13:05:03 [INFO] task info pushed: TaskId(5) => TaskId(9)
13:05:03 [INFO] task successed: TaskId(5)
13:05:03 [INFO] task info pushed: TaskId(5) => TaskId(9)
13:05:03 [INFO] task successed: TaskId(5)
13:05:03 [INFO] task info pushed: TaskId(5) => TaskId(9)
13:05:03 [INFO] task successed: TaskId(5)
13:05:03 [INFO] task info pushed: TaskId(5) => TaskId(9)
13:05:03 [INFO] task successed: TaskId(5)
13:05:03 [INFO] task info pushed: TaskId(5) => TaskId(9)
13:05:03 [INFO] task successed: TaskId(5)
13:05:03 [INFO] task info pushed: TaskId(5) => TaskId(9)
13:05:03 [INFO] task successed: TaskId(5)
13:05:03 [INFO] task successed: TaskId(5)
13:05:03 [INFO] task info pushed: TaskId(5) => TaskId(9)
13:05:03 [INFO] task info pushed: TaskId(5) => TaskId(9)
13:05:03 [INFO] task successed: TaskId(5)
13:05:03 [INFO] task info pushed: TaskId(5) => TaskId(9)
13:05:03 [INFO] task successed: TaskId(5)
13:05:03 [INFO] task info pushed: TaskId(5) => TaskId(9)
13:05:04 [INFO] task successed: TaskId(5)
13:05:04 [INFO] task info pushed: TaskId(5) => TaskId(9)
13:05:04 [INFO] task successed: TaskId(5)
13:05:04 [INFO] task info pushed: TaskId(5) => TaskId(9)
13:05:04 [INFO] task successed: TaskId(5)
13:05:04 [INFO] task info pushed: TaskId(5) => TaskId(9)
13:05:04 [INFO] task successed: TaskId(5)
13:05:04 [INFO] task info pushed: TaskId(5) => TaskId(9)
13:05:04 [INFO] task successed: TaskId(5)
13:05:04 [INFO] task info pushed: TaskId(5) => TaskId(9)
13:05:04 [INFO] task successed: TaskId(5)
13:05:04 [INFO] task successed: TaskId(5)
13:05:04 [INFO] task info pushed: TaskId(5) => TaskId(9)
13:05:04 [INFO] task info pushed: TaskId(5) => TaskId(9)
13:05:04 [INFO] task successed: TaskId(5)
13:05:04 [INFO] task info pushed: TaskId(5) => TaskId(9)
13:05:04 [INFO] task successed: TaskId(5)
13:05:04 [INFO] task info pushed: TaskId(5) => TaskId(9)
13:05:04 [INFO] task successed: TaskId(5)
13:05:04 [INFO] task info pushed: TaskId(5) => TaskId(9)
13:05:04 [INFO] task successed: TaskId(5)
13:05:04 [INFO] task info pushed: TaskId(5) => TaskId(9)
13:05:05 [INFO] task successed: TaskId(5)
13:05:05 [INFO] task info pushed: TaskId(5) => TaskId(9)
13:05:05 [INFO] task successed: TaskId(5)
13:05:05 [INFO] task info pushed: TaskId(5) => TaskId(9)
13:05:05 [INFO] task successed: TaskId(5)
13:05:05 [INFO] task info pushed: TaskId(5) => TaskId(9)
13:05:05 [INFO] task successed: TaskId(5)
13:05:05 [INFO] task info pushed: TaskId(5) => TaskId(9)
13:05:05 [INFO] task successed: TaskId(5)
13:05:05 [INFO] task info pushed: TaskId(5) => TaskId(9)
13:05:05 [INFO] task successed: TaskId(5)
13:05:05 [INFO] task info pushed: TaskId(5) => TaskId(9)
13:05:05 [INFO] task successed: TaskId(5)
13:05:05 [INFO] task info pushed: TaskId(5) => TaskId(9)
13:05:05 [INFO] task successed: TaskId(5)
13:05:05 [INFO] task info pushed: TaskId(5) => TaskId(9)
13:05:05 [INFO] task successed: TaskId(5)
13:05:05 [INFO] task info pushed: TaskId(5) => TaskId(9)
13:05:05 [INFO] task successed: TaskId(5)
13:05:05 [INFO] task info pushed: TaskId(5) => TaskId(9)
13:05:05 [INFO] task successed: TaskId(5)
13:05:05 [INFO] task info pushed: TaskId(5) => TaskId(9)
13:05:05 [INFO] task successed: TaskId(5)
13:05:05 [INFO] task info pushed: TaskId(5) => TaskId(9)
13:05:06 [INFO] task successed: TaskId(5)
13:05:06 [INFO] task info pushed: TaskId(5) => TaskId(9)
13:05:06 [INFO] task successed: TaskId(5)
13:05:06 [INFO] task info pushed: TaskId(5) => TaskId(9)
13:05:06 [INFO] task successed: TaskId(5)
13:05:06 [INFO] task info pushed: TaskId(5) => TaskId(9)
13:05:06 [INFO] task successed: TaskId(5)
13:05:06 [INFO] task info pushed: TaskId(5) => TaskId(9)
13:05:06 [INFO] task successed: TaskId(5)
13:05:06 [INFO] task info pushed: TaskId(5) => TaskId(9)
13:05:06 [INFO] task successed: TaskId(5)
13:05:06 [INFO] task info pushed: TaskId(5) => TaskId(9)
13:05:06 [INFO] task successed: TaskId(5)
13:05:06 [INFO] task info pushed: TaskId(5) => TaskId(9)
13:05:06 [INFO] task successed: TaskId(5)
13:05:06 [INFO] task info pushed: TaskId(5) => TaskId(9)
13:05:06 [INFO] task successed: TaskId(5)
13:05:06 [INFO] task info pushed: TaskId(5) => TaskId(9)
13:05:06 [INFO] task successed: TaskId(5)
13:05:06 [INFO] task info pushed: TaskId(5) => TaskId(9)
13:05:06 [INFO] task successed: TaskId(5)
13:05:06 [INFO] task info pushed: TaskId(5) => TaskId(9)
13:05:07 [INFO] task successed: TaskId(5)
13:05:07 [INFO] task info pushed: TaskId(5) => TaskId(9)
13:05:07 [INFO] task successed: TaskId(5)
13:05:07 [INFO] task info pushed: TaskId(5) => TaskId(9)
13:05:07 [INFO] task successed: TaskId(5)
13:05:07 [INFO] task info pushed: TaskId(5) => TaskId(9)
13:05:07 [INFO] task successed: TaskId(5)
13:05:07 [INFO] task info pushed: TaskId(5) => TaskId(9)
13:05:07 [INFO] task successed: TaskId(5)
13:05:07 [INFO] task info pushed: TaskId(5) => TaskId(9)
13:05:07 [INFO] task successed: TaskId(5)
13:05:07 [INFO] task info pushed: TaskId(5) => TaskId(9)
13:05:07 [INFO] task successed: TaskId(5)
13:05:07 [INFO] task successed: TaskId(5)
13:05:07 [INFO] task info pushed: TaskId(5) => TaskId(9)
13:05:07 [INFO] task info pushed: TaskId(5) => TaskId(9)
13:05:07 [INFO] task successed: TaskId(5)
13:05:07 [INFO] task successed: TaskId(5)
13:05:07 [INFO] task info pushed: TaskId(5) => TaskId(9)
13:05:07 [INFO] task info pushed: TaskId(5) => TaskId(9)
13:05:08 [INFO] task successed: TaskId(5)
13:05:08 [INFO] task successed: TaskId(5)
13:05:08 [INFO] task info pushed: TaskId(5) => TaskId(9)
13:05:08 [INFO] task info pushed: TaskId(5) => TaskId(9)
13:05:08 [INFO] task successed: TaskId(5)
13:05:08 [INFO] task info pushed: TaskId(5) => TaskId(9)
13:05:08 [INFO] task successed: TaskId(5)
13:05:08 [INFO] task successed: TaskId(5)
13:05:08 [INFO] task info pushed: TaskId(5) => TaskId(9)
13:05:08 [INFO] task info pushed: TaskId(5) => TaskId(9)
13:05:08 [INFO] task successed: TaskId(5)
13:05:08 [INFO] task info pushed: TaskId(5) => TaskId(9)
13:05:08 [INFO] task successed: TaskId(5)
13:05:08 [INFO] task info pushed: TaskId(5) => TaskId(9)
13:05:08 [INFO] task successed: TaskId(5)
13:05:08 [INFO] task info pushed: TaskId(5) => TaskId(9)
13:05:08 [INFO] task successed: TaskId(5)
13:05:08 [INFO] task info pushed: TaskId(5) => TaskId(9)
13:05:08 [INFO] task successed: TaskId(5)
13:05:08 [INFO] task info pushed: TaskId(5) => TaskId(9)
13:05:08 [INFO] task successed: TaskId(5)
13:05:08 [INFO] task info pushed: TaskId(5) => TaskId(9)
13:05:09 [INFO] task successed: TaskId(5)
13:05:09 [INFO] task info pushed: TaskId(5) => TaskId(9)
13:05:09 [INFO] task successed: TaskId(5)
13:05:09 [INFO] task info pushed: TaskId(5) => TaskId(9)
13:05:09 [INFO] task successed: TaskId(5)
13:05:09 [INFO] task info pushed: TaskId(5) => TaskId(9)
13:05:09 [INFO] task successed: TaskId(5)
13:05:09 [INFO] task info pushed: TaskId(5) => TaskId(9)
13:05:09 [INFO] task successed: TaskId(5)
13:05:09 [INFO] task info pushed: TaskId(5) => TaskId(9)
13:05:09 [INFO] task successed: TaskId(5)
13:05:09 [INFO] task successed: TaskId(5)
13:05:09 [INFO] task info pushed: TaskId(5) => TaskId(9)
13:05:09 [INFO] task info pushed: TaskId(5) => TaskId(9)
13:05:09 [INFO] task successed: TaskId(5)
13:05:09 [INFO] task info pushed: TaskId(5) => TaskId(9)
13:05:09 [INFO] task successed: TaskId(5)
13:05:09 [INFO] task info pushed: TaskId(5) => TaskId(9)
13:05:09 [INFO] task successed: TaskId(5)
13:05:09 [INFO] task info pushed: TaskId(5) => TaskId(9)
13:05:09 [INFO] task successed: TaskId(5)
13:05:09 [INFO] task info pushed: TaskId(5) => TaskId(9)
13:05:09 [INFO] task successed: TaskId(5)
13:05:09 [INFO] task info pushed: TaskId(5) => TaskId(9)
13:05:10 [INFO] task successed: TaskId(5)
13:05:10 [INFO] task info pushed: TaskId(5) => TaskId(9)
13:05:10 [INFO] task successed: TaskId(5)
13:05:10 [INFO] task info pushed: TaskId(5) => TaskId(9)
13:05:10 [INFO] task successed: TaskId(5)
13:05:10 [INFO] task info pushed: TaskId(5) => TaskId(9)
13:05:10 [INFO] task successed: TaskId(5)
13:05:10 [INFO] task info pushed: TaskId(5) => TaskId(9)
13:05:10 [INFO] task successed: TaskId(5)
13:05:10 [INFO] task info pushed: TaskId(5) => TaskId(9)
13:05:10 [INFO] task successed: TaskId(5)
13:05:10 [INFO] task info pushed: TaskId(5) => TaskId(9)
13:05:10 [INFO] task successed: TaskId(5)
13:05:10 [INFO] task info pushed: TaskId(5) => TaskId(9)
13:05:10 [INFO] task successed: TaskId(5)
13:05:10 [INFO] task info pushed: TaskId(5) => TaskId(9)
13:05:10 [INFO] task successed: TaskId(5)
13:05:10 [INFO] task successed: TaskId(5)
13:05:10 [INFO] task info pushed: TaskId(5) => TaskId(9)
13:05:10 [INFO] task info pushed: TaskId(5) => TaskId(9)
13:05:10 [INFO] task successed: TaskId(5)
13:05:10 [INFO] task info pushed: TaskId(5) => TaskId(9)
13:05:11 [INFO] task successed: TaskId(5)
13:05:11 [INFO] task info pushed: TaskId(5) => TaskId(9)
13:05:11 [INFO] task successed: TaskId(5)
13:05:11 [INFO] task info pushed: TaskId(5) => TaskId(9)
13:05:11 [INFO] task successed: TaskId(5)
13:05:11 [INFO] task info pushed: TaskId(5) => TaskId(9)
13:05:11 [INFO] task successed: TaskId(5)
13:05:11 [INFO] task info pushed: TaskId(5) => TaskId(9)
13:05:11 [INFO] task successed: TaskId(5)
13:05:11 [INFO] task info pushed: TaskId(5) => TaskId(9)
13:05:11 [INFO] task successed: TaskId(5)
13:05:11 [INFO] task info pushed: TaskId(5) => TaskId(9)
13:05:11 [INFO] task successed: TaskId(5)
13:05:11 [INFO] task info pushed: TaskId(5) => TaskId(9)
13:05:11 [INFO] task successed: TaskId(5)
13:05:11 [INFO] task info pushed: TaskId(5) => TaskId(9)
13:05:11 [INFO] task successed: TaskId(5)
13:05:11 [INFO] task info pushed: TaskId(5) => TaskId(9)
13:05:11 [INFO] task successed: TaskId(5)
13:05:11 [INFO] task info pushed: TaskId(5) => TaskId(9)
13:05:11 [INFO] task successed: TaskId(5)
13:05:11 [INFO] task info pushed: TaskId(5) => TaskId(9)
13:05:11 [INFO] task successed: TaskId(5)
13:05:11 [INFO] task info pushed: TaskId(5) => TaskId(9)
13:05:12 [INFO] task successed: TaskId(5)
13:05:12 [INFO] task info pushed: TaskId(5) => TaskId(9)
13:05:12 [INFO] task successed: TaskId(5)
13:05:12 [INFO] task info pushed: TaskId(5) => TaskId(9)
13:05:12 [INFO] task successed: TaskId(5)
13:05:12 [INFO] task successed: TaskId(5)
13:05:12 [INFO] task info pushed: TaskId(5) => TaskId(9)
13:05:12 [INFO] task info pushed: TaskId(5) => TaskId(9)
13:05:12 [INFO] task successed: TaskId(5)
13:05:12 [INFO] task info pushed: TaskId(5) => TaskId(9)
13:05:12 [INFO] task successed: TaskId(5)
13:05:12 [INFO] task info pushed: TaskId(5) => TaskId(9)
13:05:12 [INFO] task successed: TaskId(5)
13:05:12 [INFO] task info pushed: TaskId(5) => TaskId(9)
13:05:12 [INFO] task successed: TaskId(5)
13:05:12 [INFO] task info pushed: TaskId(5) => TaskId(9)
13:05:12 [INFO] task successed: TaskId(5)
13:05:12 [INFO] task info pushed: TaskId(5) => TaskId(9)
13:05:12 [INFO] task successed: TaskId(5)
13:05:12 [INFO] task info pushed: TaskId(5) => TaskId(9)
13:05:12 [INFO] task successed: TaskId(5)
13:05:12 [INFO] task info pushed: TaskId(5) => TaskId(9)
13:05:12 [INFO] task successed: TaskId(5)
13:05:12 [INFO] task info pushed: TaskId(5) => TaskId(9)
13:05:13 [INFO] task successed: TaskId(5)
13:05:13 [INFO] task info pushed: TaskId(5) => TaskId(9)
13:05:13 [INFO] task successed: TaskId(5)
13:05:13 [INFO] task successed: TaskId(5)
13:05:13 [INFO] task info pushed: TaskId(5) => TaskId(9)
13:05:13 [INFO] task info pushed: TaskId(5) => TaskId(9)
13:05:13 [INFO] task successed: TaskId(5)
13:05:13 [INFO] task info pushed: TaskId(5) => TaskId(9)
13:05:13 [INFO] task successed: TaskId(5)
13:05:13 [INFO] task info pushed: TaskId(5) => TaskId(9)
13:05:13 [INFO] task successed: TaskId(5)
13:05:13 [INFO] task info pushed: TaskId(5) => TaskId(9)
13:05:13 [INFO] task successed: TaskId(5)
13:05:13 [INFO] task info pushed: TaskId(5) => TaskId(9)
13:05:13 [INFO] task successed: TaskId(5)
13:05:13 [INFO] task info pushed: TaskId(5) => TaskId(9)
13:05:13 [INFO] task successed: TaskId(5)
13:05:13 [INFO] task info pushed: TaskId(5) => TaskId(9)
13:05:13 [INFO] task successed: TaskId(5)
13:05:13 [INFO] task info pushed: TaskId(5) => TaskId(9)
13:05:14 [INFO] task successed: TaskId(5)
13:05:14 [INFO] task info pushed: TaskId(5) => TaskId(9)
13:05:14 [INFO] task successed: TaskId(5)
13:05:14 [INFO] task info pushed: TaskId(5) => TaskId(9)
13:05:14 [INFO] task successed: TaskId(5)
13:05:14 [INFO] task info pushed: TaskId(5) => TaskId(9)
13:05:14 [INFO] task successed: TaskId(5)
13:05:14 [INFO] task info pushed: TaskId(5) => TaskId(9)
13:05:14 [INFO] task successed: TaskId(5)
13:05:14 [INFO] task info pushed: TaskId(5) => TaskId(9)
13:05:14 [INFO] task successed: TaskId(5)
13:05:14 [INFO] task info pushed: TaskId(5) => TaskId(9)
13:05:14 [INFO] task successed: TaskId(5)
13:05:14 [INFO] task info pushed: TaskId(5) => TaskId(9)
13:05:14 [INFO] task successed: TaskId(5)
13:05:14 [INFO] task info pushed: TaskId(5) => TaskId(9)
13:05:14 [INFO] task successed: TaskId(5)
13:05:14 [INFO] task info pushed: TaskId(5) => TaskId(9)
13:05:14 [INFO] task successed: TaskId(5)
13:05:14 [INFO] task info pushed: TaskId(5) => TaskId(9)
13:05:14 [INFO] task successed: TaskId(5)
13:05:14 [INFO] task info pushed: TaskId(5) => TaskId(9)
13:05:15 [INFO] task successed: TaskId(5)
13:05:15 [INFO] task info pushed: TaskId(5) => TaskId(9)
13:05:15 [INFO] task successed: TaskId(5)
13:05:15 [INFO] task info pushed: TaskId(5) => TaskId(9)
13:05:15 [INFO] task successed: TaskId(5)
13:05:15 [INFO] task info pushed: TaskId(5) => TaskId(9)
13:05:15 [INFO] task successed: TaskId(5)
13:05:15 [INFO] task info pushed: TaskId(5) => TaskId(9)
13:05:15 [INFO] task successed: TaskId(5)
13:05:15 [INFO] task info pushed: TaskId(5) => TaskId(9)
13:05:15 [INFO] task successed: TaskId(5)
13:05:15 [INFO] task info pushed: TaskId(5) => TaskId(9)
13:05:15 [INFO] task successed: TaskId(5)
13:05:15 [INFO] task info pushed: TaskId(5) => TaskId(9)
13:05:15 [INFO] task successed: TaskId(5)
13:05:15 [INFO] task info pushed: TaskId(5) => TaskId(9)
13:05:15 [INFO] task successed: TaskId(5)
13:05:15 [INFO] task info pushed: TaskId(5) => TaskId(9)
13:05:15 [INFO] task successed: TaskId(5)
13:05:15 [INFO] task info pushed: TaskId(5) => TaskId(9)
13:05:15 [INFO] task successed: TaskId(5)
13:05:15 [INFO] task info pushed: TaskId(5) => TaskId(9)
13:05:15 [INFO] task successed: TaskId(5)
13:05:15 [INFO] task info pushed: TaskId(5) => TaskId(9)
13:05:16 [INFO] task successed: TaskId(5)
13:05:16 [INFO] task info pushed: TaskId(5) => TaskId(9)
13:05:16 [INFO] task successed: TaskId(5)
13:05:16 [INFO] task info pushed: TaskId(5) => TaskId(9)
13:05:16 [INFO] task successed: TaskId(5)
13:05:16 [INFO] task info pushed: TaskId(5) => TaskId(9)
13:05:16 [INFO] task successed: TaskId(5)
13:05:16 [INFO] task info pushed: TaskId(5) => TaskId(9)
13:05:16 [INFO] task successed: TaskId(5)
13:05:16 [INFO] task info pushed: TaskId(5) => TaskId(9)
13:05:16 [INFO] task successed: TaskId(5)
13:05:16 [INFO] task info pushed: TaskId(5) => TaskId(9)
13:05:16 [INFO] task successed: TaskId(5)
13:05:16 [INFO] task info pushed: TaskId(5) => TaskId(9)
13:05:16 [INFO] task successed: TaskId(5)
13:05:16 [INFO] task info pushed: TaskId(5) => TaskId(9)
13:05:16 [INFO] task successed: TaskId(5)
13:05:16 [INFO] task successed: TaskId(5)
13:05:16 [INFO] task info pushed: TaskId(5) => TaskId(9)
13:05:16 [INFO] task info pushed: TaskId(5) => TaskId(9)
13:05:16 [INFO] task successed: TaskId(5)
13:05:16 [INFO] task info pushed: TaskId(5) => TaskId(9)
13:05:17 [INFO] task successed: TaskId(5)
13:05:17 [INFO] task info pushed: TaskId(5) => TaskId(9)
13:05:17 [INFO] task successed: TaskId(5)
13:05:17 [INFO] task info pushed: TaskId(5) => TaskId(9)
13:05:17 [INFO] task successed: TaskId(5)
13:05:17 [INFO] task info pushed: TaskId(5) => TaskId(9)
13:05:17 [INFO] task successed: TaskId(5)
13:05:17 [INFO] task info pushed: TaskId(5) => TaskId(9)
13:05:17 [INFO] task successed: TaskId(5)
13:05:17 [INFO] task info pushed: TaskId(5) => TaskId(9)
13:05:17 [INFO] task successed: TaskId(5)
13:05:17 [INFO] task info pushed: TaskId(5) => TaskId(9)
13:05:17 [INFO] task successed: TaskId(5)
13:05:17 [INFO] task info pushed: TaskId(5) => TaskId(9)
13:05:17 [INFO] task successed: TaskId(5)
13:05:17 [INFO] task info pushed: TaskId(5) => TaskId(9)
13:05:17 [INFO] task successed: TaskId(5)
13:05:17 [INFO] task info pushed: TaskId(5) => TaskId(9)
13:05:17 [INFO] task successed: TaskId(5)
13:05:17 [INFO] task info pushed: TaskId(5) => TaskId(9)
13:05:17 [INFO] task successed: TaskId(5)
13:05:17 [INFO] task info pushed: TaskId(5) => TaskId(9)
13:05:18 [INFO] task successed: TaskId(5)
13:05:18 [INFO] task info pushed: TaskId(5) => TaskId(9)
13:05:18 [INFO] task successed: TaskId(5)
13:05:18 [INFO] task info pushed: TaskId(5) => TaskId(9)
13:05:18 [INFO] task successed: TaskId(5)
13:05:18 [INFO] task info pushed: TaskId(5) => TaskId(9)
13:05:18 [INFO] task successed: TaskId(5)
13:05:18 [INFO] task info pushed: TaskId(5) => TaskId(9)
13:05:18 [INFO] task successed: TaskId(5)
13:05:18 [INFO] task info pushed: TaskId(5) => TaskId(9)
13:05:18 [INFO] task successed: TaskId(5)
13:05:18 [INFO] task info pushed: TaskId(5) => TaskId(9)
13:05:18 [INFO] task successed: TaskId(5)
13:05:18 [INFO] task info pushed: TaskId(5) => TaskId(9)
13:05:18 [INFO] task successed: TaskId(5)
13:05:18 [INFO] task info pushed: TaskId(5) => TaskId(9)
13:05:18 [INFO] task successed: TaskId(5)
13:05:18 [INFO] task info pushed: TaskId(5) => TaskId(9)
13:05:18 [INFO] task successed: TaskId(5)
13:05:18 [INFO] task info pushed: TaskId(5) => TaskId(9)
13:05:18 [INFO] task successed: TaskId(5)
13:05:18 [INFO] task info pushed: TaskId(5) => TaskId(9)
13:05:18 [INFO] task successed: TaskId(5)
13:05:18 [INFO] task info pushed: TaskId(5) => TaskId(9)
13:05:19 [INFO] task successed: TaskId(5)
13:05:19 [INFO] task info pushed: TaskId(5) => TaskId(9)
13:05:19 [INFO] task successed: TaskId(5)
13:05:19 [INFO] task info pushed: TaskId(5) => TaskId(9)
13:05:19 [INFO] task successed: TaskId(5)
13:05:19 [INFO] task info pushed: TaskId(5) => TaskId(9)
13:05:19 [INFO] task successed: TaskId(5)
13:05:19 [INFO] task info pushed: TaskId(5) => TaskId(9)
13:05:19 [INFO] task successed: TaskId(5)
13:05:19 [INFO] task info pushed: TaskId(5) => TaskId(9)
13:05:19 [INFO] task successed: TaskId(5)
13:05:19 [INFO] task info pushed: TaskId(5) => TaskId(9)
13:05:19 [INFO] task successed: TaskId(5)
13:05:19 [INFO] task info pushed: TaskId(5) => TaskId(9)
13:05:19 [INFO] task successed: TaskId(5)
13:05:19 [INFO] task info pushed: TaskId(5) => TaskId(9)
13:05:19 [INFO] task successed: TaskId(5)
13:05:19 [INFO] task info pushed: TaskId(5) => TaskId(9)
13:05:19 [INFO] task successed: TaskId(5)
13:05:19 [INFO] task info pushed: TaskId(5) => TaskId(9)
13:05:19 [INFO] task successed: TaskId(5)
13:05:19 [INFO] task info pushed: TaskId(5) => TaskId(9)
13:05:20 [INFO] task successed: TaskId(5)
13:05:20 [INFO] task info pushed: TaskId(5) => TaskId(9)
13:05:20 [INFO] task successed: TaskId(5)
13:05:20 [INFO] task info pushed: TaskId(5) => TaskId(9)
13:05:20 [INFO] new task: TaskId(6), try run it.
13:05:20 [INFO] task successed: TaskId(5)
13:05:20 [INFO] task successed: TaskId(5)
13:05:20 [INFO] task info pushed: TaskId(5) => TaskId(9)
13:05:20 [INFO] task info pushed: TaskId(5) => TaskId(9)
13:05:20 [INFO] task info pushed: TaskId(5) => TaskId(9)
13:05:20 [INFO] task successed: TaskId(5)
13:05:20 [INFO] task info pushed: TaskId(6) => TaskId(11)
13:05:20 [INFO] task info pushed: TaskId(6) => TaskId(11)
13:05:20 [INFO] task info pushed: TaskId(6) => TaskId(11)
13:05:20 [INFO] task info pushed: TaskId(6) => TaskId(11)
13:05:20 [INFO] task successed: TaskId(5)
13:05:20 [INFO] task info pushed: TaskId(5) => TaskId(9)
13:05:20 [INFO] task info pushed: TaskId(6) => TaskId(11)
13:05:20 [INFO] task successed: TaskId(5)
13:05:20 [INFO] Task TaskId(6) is not completed. version = CheckPointVersion(3), progress: 0/3
13:05:20 [INFO] task info pushed: TaskId(5) => TaskId(9)
13:05:20 [INFO] task info pushed: TaskId(6) => TaskId(11)
13:05:20 [INFO] task info pushed: TaskId(5) => TaskId(9)
13:05:20 [INFO] task info pushed: TaskId(6) => TaskId(11)
13:05:20 [INFO] task successed: TaskId(5)
13:05:20 [INFO] task successed: TaskId(5)
13:05:20 [INFO] task info pushed: TaskId(5) => TaskId(9)
13:05:20 [INFO] task info pushed: TaskId(6) => TaskId(11)
13:05:20 [INFO] task info pushed: TaskId(5) => TaskId(9)
13:05:20 [INFO] task info pushed: TaskId(6) => TaskId(11)
13:05:20 [INFO] task successed: TaskId(5)
13:05:20 [INFO] add_file: file_server_type=Http, file_server_name="http://192.168.100.136:8000", file_id=FileId(5), chunk_size=16777216
13:05:20 [INFO] task info pushed: TaskId(5) => TaskId(9)
13:05:20 [INFO] add_file: file_server_type=Http, file_server_name="http://192.168.100.136:8000", file_id=FileId(5), chunk_size=16777216
13:05:20 [INFO] add_file: file_server_type=Http, file_server_name="http://192.168.100.136:8000", file_id=FileId(5), chunk_size=16777216
13:05:20 [INFO] add_file: file_server_type=Http, file_server_name="http://192.168.100.136:8000", file_id=FileId(5), chunk_size=16777216
13:05:20 [INFO] add_file: file_server_type=Http, file_server_name="http://192.168.100.136:8000", file_id=FileId(5), chunk_size=16777216
13:05:20 [INFO] task info pushed: TaskId(6) => TaskId(11)
13:05:20 [INFO] add_file: file_server_type=Http, file_server_name="http://192.168.100.136:8000", file_id=FileId(5), chunk_size=16777216
13:05:20 [INFO] add_file: file_server_type=Http, file_server_name="http://192.168.100.136:8000", file_id=FileId(5), chunk_size=16777216
13:05:20 [INFO] add_file: file_server_type=Http, file_server_name="http://192.168.100.136:8000", file_id=FileId(5), chunk_size=16777216
13:05:20 [INFO] add_file: file_server_type=Http, file_server_name="http://192.168.100.136:8000", file_id=FileId(5), chunk_size=16777216
13:05:20 [INFO] task successed: TaskId(5)
13:05:21 [INFO] task info pushed: TaskId(5) => TaskId(9)
13:05:21 [INFO] task info pushed: TaskId(6) => TaskId(11)
13:05:21 [INFO] task successed: TaskId(5)
13:05:21 [INFO] task successed: TaskId(5)
13:05:21 [INFO] task info pushed: TaskId(5) => TaskId(9)
13:05:21 [INFO] task info pushed: TaskId(6) => TaskId(11)
13:05:21 [INFO] task info pushed: TaskId(5) => TaskId(9)
13:05:21 [INFO] task info pushed: TaskId(6) => TaskId(11)
13:05:21 [INFO] task successed: TaskId(5)
13:05:21 [INFO] task info pushed: TaskId(5) => TaskId(9)
13:05:21 [INFO] task info pushed: TaskId(6) => TaskId(11)
13:05:21 [INFO] task successed: TaskId(5)
13:05:21 [INFO] task successed: TaskId(5)
13:05:21 [INFO] task info pushed: TaskId(5) => TaskId(9)
13:05:21 [INFO] task info pushed: TaskId(6) => TaskId(11)
13:05:21 [INFO] task info pushed: TaskId(5) => TaskId(9)
13:05:21 [INFO] task info pushed: TaskId(6) => TaskId(11)
13:05:21 [INFO] task successed: TaskId(5)
13:05:21 [INFO] task info pushed: TaskId(5) => TaskId(9)
13:05:21 [INFO] task info pushed: TaskId(6) => TaskId(11)
13:05:21 [INFO] task successed: TaskId(5)
13:05:21 [INFO] task successed: TaskId(5)
13:05:21 [INFO] task info pushed: TaskId(5) => TaskId(9)
13:05:21 [INFO] task info pushed: TaskId(5) => TaskId(9)
13:05:21 [INFO] task successed: TaskId(5)
13:05:21 [INFO] task info pushed: TaskId(6) => TaskId(11)
13:05:21 [INFO] task info pushed: TaskId(6) => TaskId(11)
13:05:21 [INFO] task info pushed: TaskId(5) => TaskId(9)
13:05:21 [INFO] task info pushed: TaskId(6) => TaskId(11)
13:05:22 [INFO] task successed: TaskId(5)
13:05:22 [INFO] task info pushed: TaskId(5) => TaskId(9)
13:05:22 [INFO] task info pushed: TaskId(6) => TaskId(11)
13:05:22 [INFO] task successed: TaskId(5)
13:05:22 [INFO] task info pushed: TaskId(5) => TaskId(9)
13:05:22 [INFO] add_chunk: response=Object {"chunk_id": Number(8), "chunk_server_name": String("http://192.168.100.136:8000"), "chunk_server_type": String("Http")}
13:05:22 [INFO] task info pushed: TaskId(6) => TaskId(11)
13:05:22 [INFO] add_chunk: response=Object {"chunk_id": Number(8), "chunk_server_name": String("http://192.168.100.136:8000"), "chunk_server_type": String("Http")}
13:05:22 [INFO] add_chunk: response=Object {"chunk_id": Number(8), "chunk_server_name": String("http://192.168.100.136:8000"), "chunk_server_type": String("Http")}
13:05:22 [INFO] task successed: TaskId(5)
13:05:22 [INFO] add_chunk: response=Object {"chunk_id": Number(8), "chunk_server_name": String("http://192.168.100.136:8000"), "chunk_server_type": String("Http")}
13:05:22 [INFO] add_chunk: response=Object {"chunk_id": Number(8), "chunk_server_name": String("http://192.168.100.136:8000"), "chunk_server_type": String("Http")}
13:05:22 [INFO] add_chunk: response=Object {"chunk_id": Number(8), "chunk_server_name": String("http://192.168.100.136:8000"), "chunk_server_type": String("Http")}
13:05:22 [INFO] add_chunk: response=Object {"chunk_id": Number(8), "chunk_server_name": String("http://192.168.100.136:8000"), "chunk_server_type": String("Http")}
13:05:22 [INFO] add_chunk: response=Object {"chunk_id": Number(8), "chunk_server_name": String("http://192.168.100.136:8000"), "chunk_server_type": String("Http")}
13:05:22 [INFO] add_chunk: response=Object {"chunk_id": Number(8), "chunk_server_name": String("http://192.168.100.136:8000"), "chunk_server_type": String("Http")}
13:05:22 [INFO] add_chunk: response=Object {"chunk_id": Number(8), "chunk_server_name": String("http://192.168.100.136:8000"), "chunk_server_type": String("Http")}
13:05:22 [INFO] add_chunk: response=Object {"chunk_id": Number(8), "chunk_server_name": String("http://192.168.100.136:8000"), "chunk_server_type": String("Http")}
13:05:22 [INFO] add_chunk: response=Object {"chunk_id": Number(8), "chunk_server_name": String("http://192.168.100.136:8000"), "chunk_server_type": String("Http")}
13:05:22 [INFO] task info pushed: TaskId(5) => TaskId(9)
13:05:22 [INFO] task info pushed: TaskId(6) => TaskId(11)
13:05:22 [INFO] task successed: TaskId(5)
13:05:22 [INFO] add_chunk: response=Object {"chunk_id": Number(8), "chunk_server_name": String("http://192.168.100.136:8000"), "chunk_server_type": String("Http")}
13:05:22 [INFO] add_chunk: response=Object {"chunk_id": Number(8), "chunk_server_name": String("http://192.168.100.136:8000"), "chunk_server_type": String("Http")}
13:05:22 [INFO] task info pushed: TaskId(6) => TaskId(11)
13:05:22 [INFO] task info pushed: TaskId(5) => TaskId(9)
13:05:22 [INFO] add_chunk: response=Object {"chunk_id": Number(8), "chunk_server_name": String("http://192.168.100.136:8000"), "chunk_server_type": String("Http")}
13:05:22 [INFO] add_chunk: response=Object {"chunk_id": Number(8), "chunk_server_name": String("http://192.168.100.136:8000"), "chunk_server_type": String("Http")}
13:05:22 [INFO] add_chunk: response=Object {"chunk_id": Number(8), "chunk_server_name": String("http://192.168.100.136:8000"), "chunk_server_type": String("Http")}
13:05:23 [INFO] add_chunk: response=Object {"chunk_id": Number(25), "chunk_server_name": String("http://192.168.100.136:8000"), "chunk_server_type": String("Http")}
13:05:23 [INFO] add_chunk: response=Object {"chunk_id": Number(8), "chunk_server_name": String("http://192.168.100.136:8000"), "chunk_server_type": String("Http")}
13:05:23 [INFO] add_chunk: response=Object {"chunk_id": Number(25), "chunk_server_name": String("http://192.168.100.136:8000"), "chunk_server_type": String("Http")}
13:05:23 [INFO] add_chunk: response=Object {"chunk_id": Number(25), "chunk_server_name": String("http://192.168.100.136:8000"), "chunk_server_type": String("Http")}
13:05:23 [INFO] add_chunk: response=Object {"chunk_id": Number(25), "chunk_server_name": String("http://192.168.100.136:8000"), "chunk_server_type": String("Http")}
13:05:23 [INFO] add_chunk: response=Object {"chunk_id": Number(8), "chunk_server_name": String("http://192.168.100.136:8000"), "chunk_server_type": String("Http")}
13:05:23 [INFO] add_chunk: response=Object {"chunk_id": Number(8), "chunk_server_name": String("http://192.168.100.136:8000"), "chunk_server_type": String("Http")}
13:05:23 [INFO] add_chunk: response=Object {"chunk_id": Number(8), "chunk_server_name": String("http://192.168.100.136:8000"), "chunk_server_type": String("Http")}
13:05:23 [INFO] add_chunk: response=Object {"chunk_id": Number(25), "chunk_server_name": String("http://192.168.100.136:8000"), "chunk_server_type": String("Http")}
13:05:25 [INFO] task successed: TaskId(5)
13:05:25 [INFO] task info pushed: TaskId(5) => TaskId(9)
13:05:25 [INFO] task info pushed: TaskId(6) => TaskId(11)
13:05:29 [INFO] task successed: TaskId(5)
13:05:29 [INFO] task info pushed: TaskId(5) => TaskId(9)
13:05:29 [INFO] task info pushed: TaskId(6) => TaskId(11)
13:05:29 [INFO] task successed: TaskId(5)
13:05:29 [INFO] task info pushed: TaskId(5) => TaskId(9)
13:05:29 [INFO] task info pushed: TaskId(6) => TaskId(11)
13:05:29 [INFO] add_file: file_server_type=Http, file_server_name="http://192.168.100.136:8000", file_id=FileId(9), chunk_size=16777216
13:05:31 [INFO] add_chunk: response=Object {"chunk_id": Number(34), "chunk_server_name": String("http://192.168.100.136:8000"), "chunk_server_type": String("Http")}
13:05:35 [INFO] task successed: TaskId(5)
13:05:35 [INFO] task info pushed: TaskId(5) => TaskId(9)
13:05:35 [INFO] task info pushed: TaskId(6) => TaskId(11)
13:05:39 [INFO] task successed: TaskId(5)
13:05:39 [INFO] task info pushed: TaskId(5) => TaskId(9)
13:05:39 [INFO] task info pushed: TaskId(6) => TaskId(11)
13:05:40 [INFO] task successed: TaskId(5)
13:05:40 [INFO] task info pushed: TaskId(5) => TaskId(9)
13:05:40 [INFO] task info pushed: TaskId(6) => TaskId(11)
13:05:41 [INFO] set_file_uploaded: task_id=TaskId(11), file_path="f-1"
13:05:41 [INFO] add_chunk: response=Object {"chunk_id": Number(35), "chunk_server_name": String("http://192.168.100.136:8000"), "chunk_server_type": String("Http")}
13:05:49 [INFO] task successed: TaskId(5)
13:05:49 [INFO] task info pushed: TaskId(5) => TaskId(9)
13:05:49 [INFO] task info pushed: TaskId(6) => TaskId(11)
13:05:50 [INFO] set_file_uploaded: task_id=TaskId(11), file_path="f-1"
13:05:50 [INFO] Task TaskId(6) is not completed. version = CheckPointVersion(3), progress: 1/3
13:05:56 [INFO] add_file: file_server_type=Http, file_server_name="http://192.168.100.136:8000", file_id=FileId(10), chunk_size=16777216
13:05:58 [INFO] add_chunk: response=Object {"chunk_id": Number(36), "chunk_server_name": String("http://192.168.100.136:8000"), "chunk_server_type": String("Http")}
13:06:00 [INFO] task successed: TaskId(5)
13:06:00 [INFO] task info pushed: TaskId(5) => TaskId(9)
13:06:00 [INFO] task info pushed: TaskId(6) => TaskId(11)
13:06:01 [INFO] add_chunk: response=Object {"chunk_id": Number(37), "chunk_server_name": String("http://192.168.100.136:8000"), "chunk_server_type": String("Http")}
13:06:07 [INFO] task successed: TaskId(5)
13:06:07 [INFO] task info pushed: TaskId(5) => TaskId(9)
13:06:07 [INFO] task info pushed: TaskId(6) => TaskId(11)
13:06:18 [INFO] set_file_uploaded: task_id=TaskId(11), file_path="f-2"
13:06:21 [INFO] Task TaskId(6) is not completed. version = CheckPointVersion(3), progress: 2/3
13:06:26 [INFO] set_file_uploaded: task_id=TaskId(11), file_path="f-1"
13:06:27 [INFO] task successed: TaskId(5)
13:06:27 [INFO] task info pushed: TaskId(5) => TaskId(9)
13:06:27 [INFO] task info pushed: TaskId(6) => TaskId(11)
13:06:27 [INFO] set_file_uploaded: task_id=TaskId(11), file_path="f-2"
13:06:29 [INFO] set_file_uploaded: task_id=TaskId(11), file_path="f-3"
13:06:30 [INFO] task successed: TaskId(6)
13:06:30 [INFO] task info pushed: TaskId(5) => TaskId(9)
13:06:30 [INFO] set_file_uploaded: task_id=TaskId(11), file_path="f-2"
13:06:34 [INFO] task successed: TaskId(5)
13:06:34 [INFO] task info pushed: TaskId(5) => TaskId(9)
13:06:34 [INFO] set_file_uploaded: task_id=TaskId(11), file_path="f-3"
13:06:35 [INFO] task successed: TaskId(6)
13:06:35 [INFO] task info pushed: TaskId(5) => TaskId(9)
13:06:36 [INFO] set_file_uploaded: task_id=TaskId(11), file_path="f-3"
13:06:36 [INFO] set_file_uploaded: task_id=TaskId(11), file_path="f-2"
13:06:36 [INFO] task successed: TaskId(6)
13:06:36 [INFO] task info pushed: TaskId(5) => TaskId(9)
13:06:36 [INFO] task successed: TaskId(6)
13:06:36 [INFO] task info pushed: TaskId(5) => TaskId(9)
13:06:39 [INFO] set_file_uploaded: task_id=TaskId(11), file_path="f-3"
13:06:39 [INFO] task successed: TaskId(5)
13:06:39 [INFO] task info pushed: TaskId(5) => TaskId(9)
13:06:39 [INFO] task successed: TaskId(6)
13:06:39 [INFO] task info pushed: TaskId(5) => TaskId(9)
13:06:39 [INFO] set_file_uploaded: task_id=TaskId(11), file_path="f-3"
13:06:40 [INFO] task successed: TaskId(6)
13:06:40 [INFO] task info pushed: TaskId(5) => TaskId(9)
13:06:40 [INFO] set_file_uploaded: task_id=TaskId(11), file_path="f-1"
13:06:40 [INFO] set_file_uploaded: task_id=TaskId(11), file_path="f-2"
13:06:40 [INFO] task successed: TaskId(6)
13:06:40 [INFO] task info pushed: TaskId(5) => TaskId(9)
13:06:41 [INFO] task successed: TaskId(6)
13:06:41 [INFO] task info pushed: TaskId(5) => TaskId(9)
13:06:42 [INFO] set_file_uploaded: task_id=TaskId(11), file_path="f-1"
13:06:43 [INFO] task successed: TaskId(6)
13:06:43 [INFO] task info pushed: TaskId(5) => TaskId(9)
13:06:43 [INFO] task successed: TaskId(5)
13:06:43 [INFO] task info pushed: TaskId(5) => TaskId(9)
13:06:45 [INFO] set_file_uploaded: task_id=TaskId(11), file_path="f-2"
13:06:45 [INFO] task successed: TaskId(5)
13:06:45 [INFO] task info pushed: TaskId(5) => TaskId(9)
13:06:45 [INFO] set_file_uploaded: task_id=TaskId(11), file_path="f-1"
13:06:45 [INFO] task successed: TaskId(6)
13:06:45 [INFO] task info pushed: TaskId(5) => TaskId(9)
13:06:45 [INFO] task successed: TaskId(6)
13:06:45 [INFO] task info pushed: TaskId(5) => TaskId(9)
13:06:46 [INFO] set_file_uploaded: task_id=TaskId(11), file_path="f-2"
13:06:46 [INFO] task successed: TaskId(6)
13:06:46 [INFO] task info pushed: TaskId(5) => TaskId(9)
13:06:46 [INFO] task successed: TaskId(5)
13:06:46 [INFO] task info pushed: TaskId(5) => TaskId(9)
13:06:47 [INFO] set_file_uploaded: task_id=TaskId(11), file_path="f-2"
13:06:47 [INFO] task successed: TaskId(6)
13:06:47 [INFO] task info pushed: TaskId(5) => TaskId(9)
13:06:47 [INFO] task successed: TaskId(6)
13:06:47 [INFO] task info pushed: TaskId(5) => TaskId(9)
13:06:47 [INFO] set_file_uploaded: task_id=TaskId(11), file_path="f-2"
13:06:48 [INFO] task successed: TaskId(5)
13:06:48 [INFO] task info pushed: TaskId(5) => TaskId(9)
13:06:48 [INFO] task successed: TaskId(6)
13:06:48 [INFO] task info pushed: TaskId(5) => TaskId(9)
13:06:48 [INFO] task successed: TaskId(5)
13:06:48 [INFO] task info pushed: TaskId(5) => TaskId(9)
13:06:49 [INFO] set_file_uploaded: task_id=TaskId(11), file_path="f-3"
13:06:49 [INFO] task successed: TaskId(6)
13:06:49 [INFO] task info pushed: TaskId(5) => TaskId(9)
13:06:49 [INFO] task successed: TaskId(5)
13:06:49 [INFO] task info pushed: TaskId(5) => TaskId(9)
13:06:51 [INFO] task successed: TaskId(5)
13:06:51 [INFO] task info pushed: TaskId(5) => TaskId(9)
13:06:51 [INFO] set_file_uploaded: task_id=TaskId(11), file_path="f-3"
13:06:51 [INFO] task successed: TaskId(6)
13:06:51 [INFO] task info pushed: TaskId(5) => TaskId(9)
13:06:51 [INFO] task successed: TaskId(5)
13:06:51 [INFO] task info pushed: TaskId(5) => TaskId(9)
13:06:52 [INFO] set_file_uploaded: task_id=TaskId(11), file_path="f-3"
13:06:52 [INFO] task successed: TaskId(5)
13:06:52 [INFO] task info pushed: TaskId(5) => TaskId(9)
13:06:52 [INFO] task successed: TaskId(6)
13:06:52 [INFO] task info pushed: TaskId(5) => TaskId(9)
13:06:52 [INFO] set_file_uploaded: task_id=TaskId(11), file_path="f-1"
13:06:52 [INFO] task successed: TaskId(6)
13:06:52 [INFO] task successed: TaskId(5)
13:06:52 [INFO] task info pushed: TaskId(5) => TaskId(9)
13:06:52 [INFO] task info pushed: TaskId(5) => TaskId(9)
13:06:53 [INFO] task successed: TaskId(5)
13:06:53 [INFO] task info pushed: TaskId(5) => TaskId(9)
13:06:54 [INFO] task successed: TaskId(5)
13:06:54 [INFO] task info pushed: TaskId(5) => TaskId(9)
13:06:54 [INFO] task successed: TaskId(5)
13:06:54 [INFO] task info pushed: TaskId(5) => TaskId(9)
13:06:55 [INFO] set_file_uploaded: task_id=TaskId(11), file_path="f-2"
13:06:55 [INFO] task successed: TaskId(5)
13:06:55 [INFO] task info pushed: TaskId(5) => TaskId(9)
13:06:55 [INFO] task successed: TaskId(5)
13:06:55 [INFO] task info pushed: TaskId(5) => TaskId(9)
13:06:55 [INFO] set_file_uploaded: task_id=TaskId(11), file_path="f-3"
13:06:55 [INFO] task successed: TaskId(6)
13:06:55 [INFO] task info pushed: TaskId(5) => TaskId(9)
13:06:55 [INFO] task successed: TaskId(6)
13:06:55 [INFO] task info pushed: TaskId(5) => TaskId(9)
13:06:56 [INFO] task successed: TaskId(5)
13:06:56 [INFO] task info pushed: TaskId(5) => TaskId(9)
13:06:56 [INFO] task successed: TaskId(5)
13:06:56 [INFO] task info pushed: TaskId(5) => TaskId(9)
13:06:57 [INFO] task successed: TaskId(5)
13:06:57 [INFO] task info pushed: TaskId(5) => TaskId(9)
13:06:57 [INFO] set_file_uploaded: task_id=TaskId(11), file_path="f-2"
13:06:57 [INFO] task successed: TaskId(5)
13:06:57 [INFO] task info pushed: TaskId(5) => TaskId(9)
13:06:57 [INFO] task successed: TaskId(5)
13:06:57 [INFO] task info pushed: TaskId(5) => TaskId(9)
13:06:57 [INFO] task successed: TaskId(5)
13:06:57 [INFO] task info pushed: TaskId(5) => TaskId(9)
13:06:57 [INFO] task successed: TaskId(6)
13:06:57 [INFO] task info pushed: TaskId(5) => TaskId(9)
13:06:57 [INFO] set_file_uploaded: task_id=TaskId(11), file_path="f-3"
13:06:57 [INFO] task successed: TaskId(6)
13:06:57 [INFO] task info pushed: TaskId(5) => TaskId(9)
13:06:57 [INFO] task successed: TaskId(5)
13:06:57 [INFO] task info pushed: TaskId(5) => TaskId(9)
13:06:58 [INFO] task successed: TaskId(5)
13:06:58 [INFO] task info pushed: TaskId(5) => TaskId(9)
13:06:58 [INFO] task successed: TaskId(5)
13:06:58 [INFO] task info pushed: TaskId(5) => TaskId(9)
13:06:58 [INFO] task successed: TaskId(5)
13:06:58 [INFO] task info pushed: TaskId(5) => TaskId(9)
13:06:58 [INFO] task successed: TaskId(5)
13:06:58 [INFO] task successed: TaskId(5)
13:06:58 [INFO] task info pushed: TaskId(5) => TaskId(9)
13:06:58 [INFO] task info pushed: TaskId(5) => TaskId(9)
13:06:58 [INFO] task successed: TaskId(5)
13:06:58 [INFO] task info pushed: TaskId(5) => TaskId(9)
13:06:59 [INFO] task successed: TaskId(5)
13:06:59 [INFO] task info pushed: TaskId(5) => TaskId(9)
13:06:59 [INFO] task successed: TaskId(5)
13:06:59 [INFO] task info pushed: TaskId(5) => TaskId(9)
13:06:59 [INFO] set_file_uploaded: task_id=TaskId(11), file_path="f-3"
13:06:59 [INFO] task successed: TaskId(5)
13:06:59 [INFO] task info pushed: TaskId(5) => TaskId(9)
13:06:59 [INFO] task successed: TaskId(6)
13:06:59 [INFO] task info pushed: TaskId(5) => TaskId(9)
13:06:59 [INFO] task successed: TaskId(5)
13:06:59 [INFO] task info pushed: TaskId(5) => TaskId(9)
13:06:59 [INFO] task successed: TaskId(5)
13:06:59 [INFO] task info pushed: TaskId(5) => TaskId(9)
13:06:59 [INFO] task successed: TaskId(5)
13:06:59 [INFO] task successed: TaskId(5)
13:06:59 [INFO] task info pushed: TaskId(5) => TaskId(9)
13:06:59 [INFO] task info pushed: TaskId(5) => TaskId(9)
13:07:00 [INFO] task successed: TaskId(5)
13:07:00 [INFO] task info pushed: TaskId(5) => TaskId(9)
13:07:00 [INFO] task successed: TaskId(5)
13:07:00 [INFO] task info pushed: TaskId(5) => TaskId(9)
13:07:00 [INFO] task successed: TaskId(5)
13:07:00 [INFO] task info pushed: TaskId(5) => TaskId(9)
13:07:00 [INFO] task successed: TaskId(5)
13:07:00 [INFO] task info pushed: TaskId(5) => TaskId(9)
13:07:00 [INFO] task successed: TaskId(5)
13:07:00 [INFO] task info pushed: TaskId(5) => TaskId(9)
13:07:00 [INFO] task successed: TaskId(5)
13:07:00 [INFO] task info pushed: TaskId(5) => TaskId(9)
13:07:01 [INFO] task successed: TaskId(5)
13:07:01 [INFO] task info pushed: TaskId(5) => TaskId(9)
13:07:01 [INFO] task successed: TaskId(5)
13:07:01 [INFO] task info pushed: TaskId(5) => TaskId(9)
13:07:01 [INFO] task successed: TaskId(5)
13:07:01 [INFO] task info pushed: TaskId(5) => TaskId(9)
13:07:01 [INFO] task successed: TaskId(5)
13:07:01 [INFO] task info pushed: TaskId(5) => TaskId(9)
13:07:02 [INFO] task successed: TaskId(5)
13:07:02 [INFO] task info pushed: TaskId(5) => TaskId(9)
13:07:02 [INFO] task successed: TaskId(5)
13:07:02 [INFO] task info pushed: TaskId(5) => TaskId(9)
13:07:02 [INFO] set_file_uploaded: task_id=TaskId(11), file_path="f-1"
13:07:02 [INFO] task successed: TaskId(5)
13:07:02 [INFO] task info pushed: TaskId(5) => TaskId(9)
13:07:02 [INFO] task successed: TaskId(6)
13:07:02 [INFO] task successed: TaskId(5)
13:07:02 [INFO] task info pushed: TaskId(5) => TaskId(9)
13:07:02 [INFO] task successed: TaskId(5)
13:07:02 [INFO] task info pushed: TaskId(5) => TaskId(9)
13:07:02 [INFO] task info pushed: TaskId(5) => TaskId(9)
13:07:02 [INFO] task successed: TaskId(5)
13:07:02 [INFO] task info pushed: TaskId(5) => TaskId(9)
13:07:03 [INFO] task successed: TaskId(5)
13:07:03 [INFO] task successed: TaskId(5)
13:07:03 [INFO] task info pushed: TaskId(5) => TaskId(9)
13:07:03 [INFO] task info pushed: TaskId(5) => TaskId(9)
13:07:03 [INFO] task successed: TaskId(5)
13:07:03 [INFO] task info pushed: TaskId(5) => TaskId(9)
13:07:04 [INFO] task successed: TaskId(5)
13:07:04 [INFO] task info pushed: TaskId(5) => TaskId(9)
13:07:04 [INFO] task successed: TaskId(5)
13:07:04 [INFO] task info pushed: TaskId(5) => TaskId(9)
13:07:04 [INFO] task successed: TaskId(5)
13:07:04 [INFO] task info pushed: TaskId(5) => TaskId(9)
13:07:05 [INFO] task successed: TaskId(5)
13:07:05 [INFO] task info pushed: TaskId(5) => TaskId(9)
13:07:06 [INFO] task successed: TaskId(5)
13:07:06 [INFO] task successed: TaskId(5)
13:07:06 [INFO] task info pushed: TaskId(5) => TaskId(9)
13:07:06 [INFO] task info pushed: TaskId(5) => TaskId(9)
13:07:06 [INFO] set_file_uploaded: task_id=TaskId(11), file_path="f-3"
13:07:06 [INFO] task successed: TaskId(5)
13:07:06 [INFO] task info pushed: TaskId(5) => TaskId(9)
13:07:06 [INFO] task successed: TaskId(5)
13:07:06 [INFO] task info pushed: TaskId(5) => TaskId(9)
13:07:06 [INFO] set_file_uploaded: task_id=TaskId(11), file_path="f-2"
13:07:06 [INFO] task successed: TaskId(6)
13:07:06 [INFO] task successed: TaskId(5)
13:07:06 [INFO] task info pushed: TaskId(5) => TaskId(9)
13:07:06 [INFO] task info pushed: TaskId(5) => TaskId(9)
13:07:06 [INFO] task successed: TaskId(6)
13:07:06 [INFO] task info pushed: TaskId(5) => TaskId(9)
13:07:06 [INFO] task successed: TaskId(5)
13:07:06 [INFO] task info pushed: TaskId(5) => TaskId(9)
13:07:06 [INFO] task successed: TaskId(5)
13:07:06 [INFO] task info pushed: TaskId(5) => TaskId(9)
13:07:06 [INFO] task successed: TaskId(5)
13:07:06 [INFO] task info pushed: TaskId(5) => TaskId(9)
13:07:07 [INFO] task successed: TaskId(5)
13:07:07 [INFO] task info pushed: TaskId(5) => TaskId(9)
13:07:07 [INFO] task successed: TaskId(5)
13:07:07 [INFO] task info pushed: TaskId(5) => TaskId(9)
13:07:07 [INFO] task successed: TaskId(5)
13:07:07 [INFO] task info pushed: TaskId(5) => TaskId(9)
13:07:07 [INFO] task successed: TaskId(5)
13:07:07 [INFO] task info pushed: TaskId(5) => TaskId(9)
13:07:07 [INFO] task successed: TaskId(5)
13:07:07 [INFO] task info pushed: TaskId(5) => TaskId(9)
13:07:07 [INFO] task successed: TaskId(5)
13:07:07 [INFO] task info pushed: TaskId(5) => TaskId(9)
13:07:07 [INFO] task successed: TaskId(5)
13:07:07 [INFO] task info pushed: TaskId(5) => TaskId(9)
13:07:08 [INFO] task successed: TaskId(5)
13:07:08 [INFO] task info pushed: TaskId(5) => TaskId(9)
13:07:08 [INFO] task successed: TaskId(5)
13:07:08 [INFO] task info pushed: TaskId(5) => TaskId(9)
13:07:08 [INFO] task successed: TaskId(5)
13:07:08 [INFO] task info pushed: TaskId(5) => TaskId(9)
13:07:08 [INFO] task successed: TaskId(5)
13:07:08 [INFO] task info pushed: TaskId(5) => TaskId(9)
13:07:08 [INFO] task successed: TaskId(5)
13:07:08 [INFO] task info pushed: TaskId(5) => TaskId(9)
13:07:08 [INFO] task successed: TaskId(5)
13:07:08 [INFO] task info pushed: TaskId(5) => TaskId(9)
13:07:09 [INFO] task successed: TaskId(5)
13:07:09 [INFO] task info pushed: TaskId(5) => TaskId(9)
13:07:09 [INFO] task successed: TaskId(5)
13:07:09 [INFO] task info pushed: TaskId(5) => TaskId(9)
13:07:09 [INFO] task successed: TaskId(5)
13:07:09 [INFO] task info pushed: TaskId(5) => TaskId(9)
13:07:09 [INFO] set_file_uploaded: task_id=TaskId(11), file_path="f-3"
13:07:09 [INFO] task successed: TaskId(5)
13:07:09 [INFO] task info pushed: TaskId(5) => TaskId(9)
13:07:09 [INFO] task successed: TaskId(6)
13:07:09 [INFO] task info pushed: TaskId(5) => TaskId(9)
13:07:09 [INFO] task successed: TaskId(5)
13:07:09 [INFO] task info pushed: TaskId(5) => TaskId(9)
13:07:09 [INFO] task successed: TaskId(5)
13:07:09 [INFO] task info pushed: TaskId(5) => TaskId(9)
13:07:09 [INFO] task successed: TaskId(5)
13:07:09 [INFO] task info pushed: TaskId(5) => TaskId(9)
13:07:09 [INFO] task successed: TaskId(5)
13:07:09 [INFO] task info pushed: TaskId(5) => TaskId(9)
13:07:09 [INFO] task successed: TaskId(5)
13:07:09 [INFO] task info pushed: TaskId(5) => TaskId(9)
13:07:10 [INFO] task successed: TaskId(5)
13:07:10 [INFO] task info pushed: TaskId(5) => TaskId(9)
13:07:10 [INFO] task successed: TaskId(5)
13:07:10 [INFO] task info pushed: TaskId(5) => TaskId(9)
13:07:10 [INFO] task successed: TaskId(5)
13:07:10 [INFO] task info pushed: TaskId(5) => TaskId(9)
13:07:10 [INFO] task successed: TaskId(5)
13:07:10 [INFO] task info pushed: TaskId(5) => TaskId(9)
13:07:10 [INFO] task successed: TaskId(5)
13:07:10 [INFO] task info pushed: TaskId(5) => TaskId(9)
13:07:10 [INFO] task successed: TaskId(5)
13:07:10 [INFO] task info pushed: TaskId(5) => TaskId(9)
13:07:10 [INFO] task successed: TaskId(5)
13:07:10 [INFO] task info pushed: TaskId(5) => TaskId(9)
